Removed Pin From Net: NetName=3.3V Pin=C1-1
Removed Pin From Net: NetName=GND Pin=C1-2
Removed Pin From Net: NetName=GND Pin=C2-2
Removed Pin From Net: NetName=GND Pin=C3-2
Removed Pin From Net: NetName=REF+2,5 V Pin=C4-1
Removed Pin From Net: NetName=GND Pin=C4-2
Removed Pin From Net: NetName=GND Pin=C5-2
Removed Pin From Net: NetName=3.3V Pin=C6-1
Removed Pin From Net: NetName=GND Pin=C6-2
Removed Pin From Net: NetName=GND Pin=C7-1
Removed Pin From Net: NetName=3.3V Pin=L1-2
Removed Pin From Net: NetName=3.3V Pin=L2-2
Removed Pin From Net: NetName=GND Pin=P1-1
Removed Pin From Net: NetName=+12V Pin=P1-2
Removed Pin From Net: NetName=+5V Pin=P2-1
Removed Pin From Net: NetName=GND Pin=P2-4
Removed Pin From Net: NetName=GND Pin=P3-2
Removed Pin From Net: NetName=3.3V Pin=P3-4
Removed Pin From Net: NetName=3.3V Pin=R1-1
Removed Pin From Net: NetName=GND Pin=R2-2
Removed Pin From Net: NetName=3.3V Pin=R3-1
Removed Pin From Net: NetName=GND Pin=U1-8
Removed Pin From Net: NetName=3.3V Pin=U1-17
Removed Pin From Net: NetName=GND Pin=U1-23
Removed Pin From Net: NetName=REF+2,5 V Pin=U1-25
Removed Pin From Net: NetName=RT_CS Pin=U1-28
Removed Pin From Net: NetName=MOSI Pin=U1-29
Removed Pin From Net: NetName=SCK Pin=U1-30
Removed Pin From Net: NetName=A0 Pin=U1-33
Removed Pin From Net: NetName=GND Pin=U1-47
Removed Pin From Net: NetName=3.3V Pin=U1-48
Removed Pin From Net: NetName=3.3V Pin=U2-1
Removed Pin From Net: NetName=GND Pin=U2-2
Removed Pin From Net: NetName=SCK Pin=U2-4
Removed Pin From Net: NetName=MOSI Pin=U2-5
Removed Pin From Net: NetName=GND Pin=U2-8
Removed Pin From Net: NetName=GND_CROSS Pin=U2-9
Removed Pin From Net: NetName=VG_CS_CROSS Pin=U2-11
Removed Pin From Net: NetName=POT_SDI Pin=U2-12
Removed Pin From Net: NetName=POT_CLK Pin=U2-13
Removed Pin From Net: NetName=ON_OFF_DC Pin=U2-14
Removed Pin From Net: NetName=GND_CROSS Pin=U2-15
Removed Pin From Net: NetName=+5V(AN) Pin=U2-16
Removed Member From Class: ClassName=схема платы пельтье Member=C1
Removed Member From Class: ClassName=схема платы пельтье Member=C2
Removed Member From Class: ClassName=схема платы пельтье Member=C3
Removed Member From Class: ClassName=схема платы пельтье Member=C4
Removed Member From Class: ClassName=схема платы пельтье Member=C5
Removed Member From Class: ClassName=схема платы пельтье Member=C6
Removed Member From Class: ClassName=схема платы пельтье Member=C7
Removed Member From Class: ClassName=схема платы пельтье Member=L1
Removed Member From Class: ClassName=схема платы пельтье Member=L2
Removed Member From Class: ClassName=схема платы пельтье Member=P1
Removed Member From Class: ClassName=схема платы пельтье Member=P2
Removed Member From Class: ClassName=схема платы пельтье Member=P3
Removed Member From Class: ClassName=схема платы пельтье Member=R1
Removed Member From Class: ClassName=схема платы пельтье Member=R2
Removed Member From Class: ClassName=схема платы пельтье Member=R3
Removed Member From Class: ClassName=схема платы пельтье Member=R4
Removed Member From Class: ClassName=схема платы пельтье Member=R5
Removed Member From Class: ClassName=схема платы пельтье Member=R6
Removed Member From Class: ClassName=схема платы пельтье Member=R7
Removed Member From Class: ClassName=схема платы пельтье Member=U1
Removed Member From Class: ClassName=схема платы пельтье Member=U2
Added Room: Name=схема платы пельтье
