Added Component: Designator=C1(0603)
Added Component: Designator=C2(0603)
Added Component: Designator=C3(CAPC1608X90)
Added Component: Designator=C4(0603)
Added Component: Designator=C5(0603)
Added Component: Designator=C6(0603)
Added Component: Designator=C7(0603)
Added Component: Designator=C8(0603)
Added Component: Designator=C9(0603)
Added Component: Designator=C10(0603)
Added Component: Designator=C11(0603)
Added Component: Designator=C12(0603)
Added Component: Designator=C13(0603)
Added Component: Designator=C14(0603)
Added Component: Designator=C15(0603)
Added Component: Designator=C16(0603)
Added Component: Designator=C17(0603)
Added Component: Designator=C18(0603)
Added Component: Designator=C19(0603)
Added Component: Designator=C20(0603)
Added Component: Designator=C21(0603)
Added Component: Designator=C22(0603)
Added Component: Designator=C23(0603)
Added Component: Designator=C24(0603)
Added Component: Designator=C25(0603)
Added Component: Designator=C26(0603)
Added Component: Designator=C27(0603)
Added Component: Designator=C28(0603)
Added Component: Designator=C29(0603)
Added Component: Designator=C30(0603)
Added Component: Designator=D1(C30659)
Added Component: Designator=FL1(FIL_NFM41PC155B1E3L)
Added Component: Designator=FL2(BEADC2012X105N)
Added Component: Designator=FL3(FIL_NFM41PC155B1E3L)
Added Component: Designator=FL4(BEADC2012X105N)
Added Component: Designator=P1(HDR1X14)
Added Component: Designator=P2(HDR1X14)
Added Component: Designator=P3(HDR1X3)
Added Component: Designator=P4(HDR1X3)
Added Component: Designator=P5(HDR1X3)
Added Component: Designator=R1(0603)
Added Component: Designator=R2(0603)
Added Component: Designator=R3(0603)
Added Component: Designator=R4(0603)
Added Component: Designator=R6(0603)
Added Component: Designator=R7(0603)
Added Component: Designator=R8(0603)
Added Component: Designator=R10(0603)
Added Component: Designator=R11(0603)
Added Component: Designator=R12(0603)
Added Component: Designator=R13(0603)
Added Component: Designator=R14(0603)
Added Component: Designator=R15(0603)
Added Component: Designator=R16(0603)
Added Component: Designator=R17(0603)
Added Component: Designator=R18(0603)
Added Component: Designator=R19(0603)
Added Component: Designator=R20(0603)
Added Component: Designator=R22(0603)
Added Component: Designator=R24(0603)
Added Component: Designator=R25(0603)
Added Component: Designator=R26(0603)
Added Component: Designator=R27(0603)
Added Component: Designator=R28(0603)
Added Component: Designator=R29(0603)
Added Component: Designator=R30(0603)
Added Component: Designator=R31(0603)
Added Component: Designator=R32(0603)
Added Component: Designator=R33(0603)
Added Component: Designator=R34(0603)
Added Component: Designator=R35(0603)
Added Component: Designator=U1(SOIC127P599X175-8N)
Added Component: Designator=U2(MSOP10)
Added Component: Designator=U3(*SOT95P280X145-6N)
Added Component: Designator=U4(SOT238)
Added Component: Designator=U5(SOT95P290X145-5N)
Added Component: Designator=U6(SOT95P280X145-6N)
Added Component: Designator=U7(SO8_L)
Added Pin To Net: NetName=+2.5REF Pin=R30-1
Added Pin To Net: NetName=+2.5REF Pin=R34-1
Added Pin To Net: NetName=+2.5REF Pin=U4-7
Added Pin To Net: NetName=+2.5REF Pin=U7-1
Added Net: Name=+2.5REF
Added Pin To Net: NetName=+5V(AN) Pin=C1-1
Added Pin To Net: NetName=+5V(AN) Pin=C3-2
Added Pin To Net: NetName=+5V(AN) Pin=C4-1
Added Pin To Net: NetName=+5V(AN) Pin=C6-1
Added Pin To Net: NetName=+5V(AN) Pin=C10-1
Added Pin To Net: NetName=+5V(AN) Pin=C11-2
Added Pin To Net: NetName=+5V(AN) Pin=C17-2
Added Pin To Net: NetName=+5V(AN) Pin=C19-2
Added Pin To Net: NetName=+5V(AN) Pin=C21-2
Added Pin To Net: NetName=+5V(AN) Pin=C22-2
Added Pin To Net: NetName=+5V(AN) Pin=C24-2
Added Pin To Net: NetName=+5V(AN) Pin=FL2-2
Added Pin To Net: NetName=+5V(AN) Pin=P1-12
Added Pin To Net: NetName=+5V(AN) Pin=R33-2
Added Pin To Net: NetName=+5V(AN) Pin=U1-7
Added Pin To Net: NetName=+5V(AN) Pin=U2-2
Added Pin To Net: NetName=+5V(AN) Pin=U3-6
Added Pin To Net: NetName=+5V(AN) Pin=U4-2
Added Pin To Net: NetName=+5V(AN) Pin=U5-5
Added Pin To Net: NetName=+5V(AN) Pin=U7-8
Added Net: Name=+5V(AN)
Added Pin To Net: NetName=+5V Pin=FL1-3
Added Pin To Net: NetName=+5V Pin=P2-1
Added Pin To Net: NetName=+5V Pin=P2-2
Added Net: Name=+5V
Added Pin To Net: NetName=-2.5REF Pin=R35-1
Added Pin To Net: NetName=-2.5REF Pin=U7-7
Added Net: Name=-2.5REF
Added Pin To Net: NetName=-5V(AN) Pin=C2-2
Added Pin To Net: NetName=-5V(AN) Pin=C3-1
Added Pin To Net: NetName=-5V(AN) Pin=C5-2
Added Pin To Net: NetName=-5V(AN) Pin=C13-2
Added Pin To Net: NetName=-5V(AN) Pin=C16-2
Added Pin To Net: NetName=-5V(AN) Pin=C18-1
Added Pin To Net: NetName=-5V(AN) Pin=C20-2
Added Pin To Net: NetName=-5V(AN) Pin=C23-2
Added Pin To Net: NetName=-5V(AN) Pin=C30-2
Added Pin To Net: NetName=-5V(AN) Pin=FL4-2
Added Pin To Net: NetName=-5V(AN) Pin=U1-4
Added Pin To Net: NetName=-5V(AN) Pin=U2-8
Added Pin To Net: NetName=-5V(AN) Pin=U3-2
Added Pin To Net: NetName=-5V(AN) Pin=U5-2
Added Pin To Net: NetName=-5V(AN) Pin=U7-4
Added Net: Name=-5V(AN)
Added Pin To Net: NetName=-5V Pin=FL3-3
Added Pin To Net: NetName=-5V Pin=P2-4
Added Pin To Net: NetName=-5V Pin=P2-5
Added Net: Name=-5V
Added Pin To Net: NetName=ANODE_APD Pin=C7-2
Added Pin To Net: NetName=ANODE_APD Pin=D1-2
Added Pin To Net: NetName=ANODE_APD Pin=R8-1
Added Pin To Net: NetName=ANODE_APD Pin=U3-4
Added Net: Name=ANODE_APD
Added Pin To Net: NetName=CATHODE_APD Pin=D1-12
Added Pin To Net: NetName=CATHODE_APD Pin=R1-2
Added Net: Name=CATHODE_APD
Added Pin To Net: NetName=GND Pin=C1-2
Added Pin To Net: NetName=GND Pin=C2-1
Added Pin To Net: NetName=GND Pin=C4-2
Added Pin To Net: NetName=GND Pin=C5-1
Added Pin To Net: NetName=GND Pin=C6-2
Added Pin To Net: NetName=GND Pin=C8-2
Added Pin To Net: NetName=GND Pin=C10-2
Added Pin To Net: NetName=GND Pin=C11-1
Added Pin To Net: NetName=GND Pin=C12-1
Added Pin To Net: NetName=GND Pin=C13-1
Added Pin To Net: NetName=GND Pin=C14-1
Added Pin To Net: NetName=GND Pin=C15-2
Added Pin To Net: NetName=GND Pin=C16-1
Added Pin To Net: NetName=GND Pin=C17-1
Added Pin To Net: NetName=GND Pin=C18-2
Added Pin To Net: NetName=GND Pin=C19-1
Added Pin To Net: NetName=GND Pin=C20-1
Added Pin To Net: NetName=GND Pin=C21-1
Added Pin To Net: NetName=GND Pin=C22-1
Added Pin To Net: NetName=GND Pin=C23-1
Added Pin To Net: NetName=GND Pin=C24-1
Added Pin To Net: NetName=GND Pin=C25-1
Added Pin To Net: NetName=GND Pin=C26-1
Added Pin To Net: NetName=GND Pin=C27-1
Added Pin To Net: NetName=GND Pin=C28-1
Added Pin To Net: NetName=GND Pin=C29-1
Added Pin To Net: NetName=GND Pin=C30-1
Added Pin To Net: NetName=GND Pin=D1-6
Added Pin To Net: NetName=GND Pin=FL1-2
Added Pin To Net: NetName=GND Pin=FL1-2_1
Added Pin To Net: NetName=GND Pin=FL1-2_3
Added Pin To Net: NetName=GND Pin=FL1-2_4
Added Pin To Net: NetName=GND Pin=FL3-2
Added Pin To Net: NetName=GND Pin=FL3-2_1
Added Pin To Net: NetName=GND Pin=FL3-2_3
Added Pin To Net: NetName=GND Pin=FL3-2_4
Added Pin To Net: NetName=GND Pin=P1-11
Added Pin To Net: NetName=GND Pin=P2-3
Added Pin To Net: NetName=GND Pin=P2-6
Added Pin To Net: NetName=GND Pin=P2-9
Added Pin To Net: NetName=GND Pin=P2-12
Added Pin To Net: NetName=GND Pin=R3-2
Added Pin To Net: NetName=GND Pin=R7-2
Added Pin To Net: NetName=GND Pin=R17-1
Added Pin To Net: NetName=GND Pin=R20-1
Added Pin To Net: NetName=GND Pin=R22-2
Added Pin To Net: NetName=GND Pin=R29-1
Added Pin To Net: NetName=GND Pin=U2-10
Added Pin To Net: NetName=GND Pin=U4-3
Added Pin To Net: NetName=GND Pin=U4-8
Added Pin To Net: NetName=GND Pin=U6-1
Added Pin To Net: NetName=GND Pin=U6-2
Added Net: Name=GND
Added Pin To Net: NetName=INPUT+HV Pin=P2-13
Added Pin To Net: NetName=INPUT+HV Pin=R1-1
Added Net: Name=INPUT+HV
Added Pin To Net: NetName=NetC7_1 Pin=C7-1
Added Pin To Net: NetName=NetC7_1 Pin=R8-2
Added Pin To Net: NetName=NetC7_1 Pin=R18-1
Added Pin To Net: NetName=NetC7_1 Pin=U3-1
Added Net: Name=NetC7_1
Added Pin To Net: NetName=NetC8_1 Pin=C8-1
Added Pin To Net: NetName=NetC8_1 Pin=R10-1
Added Net: Name=NetC8_1
Added Pin To Net: NetName=NetC9_1 Pin=C9-1
Added Pin To Net: NetName=NetC9_1 Pin=R15-2
Added Pin To Net: NetName=NetC9_1 Pin=U2-6
Added Net: Name=NetC9_1
Added Pin To Net: NetName=NetC9_2 Pin=C9-2
Added Pin To Net: NetName=NetC9_2 Pin=R14-2
Added Net: Name=NetC9_2
Added Pin To Net: NetName=NetC12_2 Pin=C12-2
Added Pin To Net: NetName=NetC12_2 Pin=R19-1
Added Net: Name=NetC12_2
Added Pin To Net: NetName=NetC14_2 Pin=C14-2
Added Pin To Net: NetName=NetC14_2 Pin=C15-1
Added Pin To Net: NetName=NetC14_2 Pin=R22-1
Added Pin To Net: NetName=NetC14_2 Pin=U3-3
Added Net: Name=NetC14_2
Added Pin To Net: NetName=NetC25_2 Pin=C25-2
Added Pin To Net: NetName=NetC25_2 Pin=C26-2
Added Pin To Net: NetName=NetC25_2 Pin=C27-2
Added Pin To Net: NetName=NetC25_2 Pin=R32-2
Added Pin To Net: NetName=NetC25_2 Pin=U6-6
Added Pin To Net: NetName=NetC25_2 Pin=U7-2
Added Pin To Net: NetName=NetC25_2 Pin=U7-5
Added Net: Name=NetC25_2
Added Pin To Net: NetName=NetC28_2 Pin=C28-2
Added Pin To Net: NetName=NetC28_2 Pin=C29-2
Added Pin To Net: NetName=NetC28_2 Pin=R33-1
Added Pin To Net: NetName=NetC28_2 Pin=U6-4
Added Net: Name=NetC28_2
Added Pin To Net: NetName=NetFL1_1 Pin=FL1-1
Added Pin To Net: NetName=NetFL1_1 Pin=FL2-1
Added Net: Name=NetFL1_1
Added Pin To Net: NetName=NetFL3_1 Pin=FL3-1
Added Pin To Net: NetName=NetFL3_1 Pin=FL4-1
Added Net: Name=NetFL3_1
Added Pin To Net: NetName=NetP3_1 Pin=P3-1
Added Pin To Net: NetName=NetP3_1 Pin=R2-1
Added Net: Name=NetP3_1
Added Pin To Net: NetName=NetP3_2 Pin=P3-2
Added Pin To Net: NetName=NetP3_2 Pin=R3-1
Added Pin To Net: NetName=NetP3_2 Pin=U2-3
Added Net: Name=NetP3_2
Added Pin To Net: NetName=NetP4_1 Pin=P4-1
Added Pin To Net: NetName=NetP4_1 Pin=R25-1
Added Net: Name=NetP4_1
Added Pin To Net: NetName=NetP4_2 Pin=P4-2
Added Pin To Net: NetName=NetP4_2 Pin=R31-2
Added Net: Name=NetP4_2
Added Pin To Net: NetName=NetP4_3 Pin=P4-3
Added Pin To Net: NetName=NetP4_3 Pin=U4-1
Added Net: Name=NetP4_3
Added Pin To Net: NetName=NetP5_1 Pin=P5-1
Added Pin To Net: NetName=NetP5_1 Pin=R31-1
Added Net: Name=NetP5_1
Added Pin To Net: NetName=NetP5_2 Pin=P5-2
Added Pin To Net: NetName=NetP5_2 Pin=U5-3
Added Net: Name=NetP5_2
Added Pin To Net: NetName=NetR4_1 Pin=R4-1
Added Pin To Net: NetName=NetR4_1 Pin=R12-2
Added Pin To Net: NetName=NetR4_1 Pin=U1-6
Added Net: Name=NetR4_1
Added Pin To Net: NetName=NetR5_2 Pin=R6-1
Added Net: Name=NetR5_2
Added Pin To Net: NetName=NetR6_2 Pin=R6-2
Added Pin To Net: NetName=NetR6_2 Pin=U1-3
Added Net: Name=NetR6_2
Added Pin To Net: NetName=NetR7_1 Pin=R7-1
Added Pin To Net: NetName=NetR7_1 Pin=R10-2
Added Pin To Net: NetName=NetR7_1 Pin=U2-7
Added Net: Name=NetR7_1
Added Pin To Net: NetName=NetR11_2 Pin=R11-2
Added Pin To Net: NetName=NetR11_2 Pin=R12-1
Added Pin To Net: NetName=NetR11_2 Pin=U1-2
Added Net: Name=NetR11_2
Added Pin To Net: NetName=NetR13_1 Pin=R13-1
Added Pin To Net: NetName=NetR13_1 Pin=R16-2
Added Pin To Net: NetName=NetR13_1 Pin=U2-9
Added Net: Name=NetR13_1
Added Pin To Net: NetName=NetR14_1 Pin=R14-1
Added Pin To Net: NetName=NetR14_1 Pin=R15-1
Added Pin To Net: NetName=NetR14_1 Pin=U2-5
Added Net: Name=NetR14_1
Added Pin To Net: NetName=NetR16_1 Pin=R16-1
Added Pin To Net: NetName=NetR16_1 Pin=R19-2
Added Pin To Net: NetName=NetR16_1 Pin=U2-1
Added Net: Name=NetR16_1
Added Pin To Net: NetName=NetR18_2 Pin=R18-2
Added Pin To Net: NetName=NetR18_2 Pin=R20-2
Added Pin To Net: NetName=NetR18_2 Pin=U2-4
Added Net: Name=NetR18_2
Added Pin To Net: NetName=NetR23_2 Pin=R25-2
Added Net: Name=NetR23_2
Added Pin To Net: NetName=NetR24_1 Pin=R24-1
Added Pin To Net: NetName=NetR24_1 Pin=R26-2
Added Pin To Net: NetName=NetR24_1 Pin=U5-1
Added Net: Name=NetR24_1
Added Pin To Net: NetName=NetR26_1 Pin=R26-1
Added Pin To Net: NetName=NetR26_1 Pin=R30-2
Added Pin To Net: NetName=NetR26_1 Pin=U5-4
Added Net: Name=NetR26_1
Added Pin To Net: NetName=NetR27_1 Pin=R27-1
Added Pin To Net: NetName=NetR27_1 Pin=U4-4
Added Net: Name=NetR27_1
Added Pin To Net: NetName=NetR28_1 Pin=R28-1
Added Pin To Net: NetName=NetR28_1 Pin=U4-5
Added Net: Name=NetR28_1
Added Pin To Net: NetName=NetR32_1 Pin=R32-1
Added Pin To Net: NetName=NetR32_1 Pin=U6-5
Added Net: Name=NetR32_1
Added Pin To Net: NetName=NetR34_2 Pin=R34-2
Added Pin To Net: NetName=NetR34_2 Pin=U7-3
Added Net: Name=NetR34_2
Added Pin To Net: NetName=NetR35_2 Pin=R35-2
Added Pin To Net: NetName=NetR35_2 Pin=U7-6
Added Net: Name=NetR35_2
Added Pin To Net: NetName=ON_OFF_DC Pin=P1-7
Added Pin To Net: NetName=ON_OFF_DC Pin=P2-8
Added Net: Name=ON_OFF_DC
Added Pin To Net: NetName=PIT_VG Pin=P2-7
Added Pin To Net: NetName=PIT_VG Pin=P3-3
Added Net: Name=PIT_VG
Added Pin To Net: NetName=POT_CLK Pin=P1-8
Added Pin To Net: NetName=POT_CLK Pin=R27-2
Added Net: Name=POT_CLK
Added Pin To Net: NetName=POT_SDI Pin=P1-9
Added Pin To Net: NetName=POT_SDI Pin=R28-2
Added Net: Name=POT_SDI
Added Pin To Net: NetName=R_VG Pin=R2-2
Added Pin To Net: NetName=R_VG Pin=R24-2
Added Net: Name=R_VG
Added Pin To Net: NetName=RT1 Pin=D1-5
Added Pin To Net: NetName=RT1 Pin=P1-6
Added Net: Name=RT1
Added Pin To Net: NetName=RT2 Pin=D1-4
Added Pin To Net: NetName=RT2 Pin=P1-5
Added Net: Name=RT2
Added Pin To Net: NetName=SIGNAL_OUT Pin=P2-11
Added Pin To Net: NetName=SIGNAL_OUT Pin=R4-2
Added Net: Name=SIGNAL_OUT
Added Pin To Net: NetName=SIGNAL Pin=P2-10
Added Pin To Net: NetName=SIGNAL Pin=R11-1
Added Pin To Net: NetName=SIGNAL Pin=R13-2
Added Pin To Net: NetName=SIGNAL Pin=R17-2
Added Net: Name=SIGNAL
Added Pin To Net: NetName=SPEED_VG Pin=P2-14
Added Pin To Net: NetName=SPEED_VG Pin=P5-3
Added Net: Name=SPEED_VG
Added Pin To Net: NetName=TEC+ Pin=D1-9
Added Pin To Net: NetName=TEC+ Pin=P1-1
Added Pin To Net: NetName=TEC+ Pin=P1-2
Added Net: Name=TEC+
Added Pin To Net: NetName=TEC- Pin=D1-7
Added Pin To Net: NetName=TEC- Pin=P1-3
Added Pin To Net: NetName=TEC- Pin=P1-4
Added Net: Name=TEC-
Added Pin To Net: NetName=VG_CS Pin=P1-10
Added Pin To Net: NetName=VG_CS Pin=R29-2
Added Pin To Net: NetName=VG_CS Pin=U4-6
Added Net: Name=VG_CS
Added Class: Name=схема платы фотодетектора
